app/build/outputs/logs/manifest-merger-debug-report.txt
-- Merging decision tree log ---
manifest
ADDED from src\main\AndroidManifest.xml:2:1-48:12
	package
		ADDED from src\main\AndroidManifest.xml:3:5-26
		INJECTED from src\main\AndroidManifest.xml
		INJECTED from src\main\AndroidManifest.xml
	android:versionName
		ADDED from src\main\AndroidManifest.xml:5:5-30
		INJECTED from src\main\AndroidManifest.xml
		INJECTED from src\main\AndroidManifest.xml
	android:versionCode
		ADDED from src\main\AndroidManifest.xml:4:5-28
		INJECTED from src\main\AndroidManifest.xml
		INJECTED from src\main\AndroidManifest.xml
	xmlns:android
		ADDED from src\main\AndroidManifest.xml:2:11-69
uses-sdk
ADDED from src\main\AndroidManifest.xml:7:5-43
	android:targetSdkVersion
		INJECTED from src\main\AndroidManifest.xml
		INJECTED from src\main\AndroidManifest.xml
	android:minSdkVersion
		ADDED from src\main\AndroidManifest.xml:7:15-40
		INJECTED from src\main\AndroidManifest.xml
		INJECTED from src\main\AndroidManifest.xml
uses-permission#android.permission.ACCESS_NETWORK_STATE
ADDED from src\main\AndroidManifest.xml:8:5-78
	android:name
		ADDED from src\main\AndroidManifest.xml:8:22-76
application
ADDED from src\main\AndroidManifest.xml:11:5-45:19
	android:label
		ADDED from src\main\AndroidManifest.xml:13:9-41
	android:icon
		ADDED from src\main\AndroidManifest.xml:12:9-45
	android:theme
		ADDED from src\main\AndroidManifest.xml:14:9-51
	android:name
		ADDED from src\main\AndroidManifest.xml:11:18-60
activity#com.rssnews.SplashScreen
ADDED from src\main\AndroidManifest.xml:15:9-24:20
	android:label
		ADDED from src\main\AndroidManifest.xml:16:13-45
	android:theme
		ADDED from src\main\AndroidManifest.xml:18:13-66
	android:name
		ADDED from src\main\AndroidManifest.xml:17:13-41
intent-filter#android.intent.action.MAIN+android.intent.category.LAUNCHER
ADDED from src\main\AndroidManifest.xml:19:13-23:29
action#android.intent.action.MAIN
ADDED from src\main\AndroidManifest.xml:20:17-69
	android:name
		ADDED from src\main\AndroidManifest.xml:20:25-66
category#android.intent.category.LAUNCHER
ADDED from src\main\AndroidManifest.xml:22:17-77
	android:name
		ADDED from src\main\AndroidManifest.xml:22:27-74
activity#com.rssnews.RSSNewsReaderPBActivity
ADDED from src\main\AndroidManifest.xml:25:9-27:109
	android:label
		ADDED from src\main\AndroidManifest.xml:26:13-45
	android:theme
		ADDED from src\main\AndroidManifest.xml:27:53-106
	android:name
		ADDED from src\main\AndroidManifest.xml:27:13-52
activity#com.rssnews.India_News
ADDED from src\main\AndroidManifest.xml:28:9-102
	android:theme
		ADDED from src\main\AndroidManifest.xml:28:46-99
	android:name
		ADDED from src\main\AndroidManifest.xml:28:19-45
activity#com.rssnews.World_News
ADDED from src\main\AndroidManifest.xml:29:9-102
	android:theme
		ADDED from src\main\AndroidManifest.xml:29:46-99
	android:name
		ADDED from src\main\AndroidManifest.xml:29:19-45
activity#com.rssnews.Favourites_News
ADDED from src\main\AndroidManifest.xml:30:9-107
	android:theme
		ADDED from src\main\AndroidManifest.xml:30:51-104
	android:name
		ADDED from src\main\AndroidManifest.xml:30:19-50
activity#com.rssnews.RSS_News
ADDED from src\main\AndroidManifest.xml:31:9-100
	android:theme
		ADDED from src\main\AndroidManifest.xml:31:44-97
	android:name
		ADDED from src\main\AndroidManifest.xml:31:19-43
activity#com.rssnews.DisPlayWebPageActivity
ADDED from src\main\AndroidManifest.xml:32:9-60
	android:name
		ADDED from src\main\AndroidManifest.xml:32:19-57
activity#com.rssnews.ListRSSItemsActivity
ADDED from src\main\AndroidManifest.xml:33:9-112
	android:theme
		ADDED from src\main\AndroidManifest.xml:33:56-109
	android:name
		ADDED from src\main\AndroidManifest.xml:33:19-55
activity#com.rssnews.RSSDatabaseHandler
ADDED from src\main\AndroidManifest.xml:34:9-56
	android:name
		ADDED from src\main\AndroidManifest.xml:34:19-53
activity#com.rssnews.RSSFeed
ADDED from src\main\AndroidManifest.xml:35:9-45
	android:name
		ADDED from src\main\AndroidManifest.xml:35:19-42
activity#com.rssnews.RSSItem
ADDED from src\main\AndroidManifest.xml:36:9-45
	android:name
		ADDED from src\main\AndroidManifest.xml:36:19-42
activity#com.rssnews.RSSParser
ADDED from src\main\AndroidManifest.xml:37:9-47
	android:name
		ADDED from src\main\AndroidManifest.xml:37:19-44
activity#com.rssnews.WebSite
ADDED from src\main\AndroidManifest.xml:38:9-45
	android:name
		ADDED from src\main\AndroidManifest.xml:38:19-42
activity#com.rssnews.WorldListRSSItemsActivity
ADDED from src\main\AndroidManifest.xml:39:9-117
	android:theme
		ADDED from src\main\AndroidManifest.xml:39:61-114
	android:name
		ADDED from src\main\AndroidManifest.xml:39:19-60
activity#com.rssnews.AddNewFeed
ADDED from src\main\AndroidManifest.xml:40:9-102
	android:theme
		ADDED from src\main\AndroidManifest.xml:40:46-99
	android:name
		ADDED from src\main\AndroidManifest.xml:40:19-45
activity#com.rssnews.About
ADDED from src\main\AndroidManifest.xml:41:9-98
	android:theme
		ADDED from src\main\AndroidManifest.xml:41:41-94
	android:name
		ADDED from src\main\AndroidManifest.xml:41:19-40
activity#com.rssnews.RSSListRSSItemsActivity
ADDED from src\main\AndroidManifest.xml:42:9-115
	android:theme
		ADDED from src\main\AndroidManifest.xml:42:59-112
	android:name
		ADDED from src\main\AndroidManifest.xml:42:19-58
activity#com.rssnews.FavListRSSItemsActivity
ADDED from src\main\AndroidManifest.xml:43:9-115
	android:theme
		ADDED from src\main\AndroidManifest.xml:43:59-112
	android:name
		ADDED from src\main\AndroidManifest.xml:43:19-58
activity#com.rssnews.
ADDED from src\main\AndroidManifest.xml:44:9-38
	android:name
		ADDED from src\main\AndroidManifest.xml:44:19-35
uses-permission#android.permission.INTERNET
ADDED from src\main\AndroidManifest.xml:46:5-66
	android:name
		ADDED from src\main\AndroidManifest.xml:46:22-64